This is pdfTeX, Version 3.141592653-2.6-1.40.23 (TeX Live 2021/W32TeX) (preloaded format=pdflatex 2022.1.7)  10 JAN 2022 21:20
entering extended mode
 restricted \write18 enabled.
 %&-line parsing enabled.
**Rapport_MSB106_Arbeidskrav_V22.tex
(./Rapport_MSB106_Arbeidskrav_V22.tex
LaTeX2e <2021-11-15> patch level 1
L3 programming layer <2021-11-22>
(c:/Users/Ola Andre/AppData/Roaming/TinyTeX/texmf-dist/tex/latex/base/article.c
ls
Document Class: article 2021/10/04 v1.4n Standard LaTeX document class

(c:/Users/Ola Andre/AppData/Roaming/TinyTeX/texmf-dist/tex/latex/base/size10.cl
o
File: size10.clo 2021/10/04 v1.4n Standard LaTeX file (size option)
)
\c@part=\count183
\c@section=\count184
\c@subsection=\count185
\c@subsubsection=\count186
\c@paragraph=\count187
\c@subparagraph=\count188
\c@figure=\count189
\c@table=\count190
\abovecaptionskip=\skip47
\belowcaptionskip=\skip48
\bibindent=\dimen138
)
(c:/Users/Ola Andre/AppData/Roaming/TinyTeX/texmf-dist/tex/latex/amsmath/amsmat
h.sty
Package: amsmath 2021/10/15 v2.17l AMS math features
\@mathmargin=\skip49
For additional information on amsmath, use the `?' option.

(c:/Users/Ola Andre/AppData/Roaming/TinyTeX/texmf-dist/tex/latex/amsmath/amstex
t.sty
Package: amstext 2021/08/26 v2.01 AMS text

(c:/Users/Ola Andre/AppData/Roaming/TinyTeX/texmf-dist/tex/latex/amsmath/amsgen
.sty
File: amsgen.sty 1999/11/30 v2.0 generic functions
\@emptytoks=\toks16
\ex@=\dimen139
))
(c:/Users/Ola Andre/AppData/Roaming/TinyTeX/texmf-dist/tex/latex/amsmath/amsbsy
.sty
Package: amsbsy 1999/11/29 v1.2d Bold Symbols
\pmbraise@=\dimen140
)
(c:/Users/Ola Andre/AppData/Roaming/TinyTeX/texmf-dist/tex/latex/amsmath/amsopn
.sty
Package: amsopn 2021/08/26 v2.02 operator names
)
\inf@bad=\count191
LaTeX Info: Redefining \frac on input line 234.
\uproot@=\count192
\leftroot@=\count193
LaTeX Info: Redefining \overline on input line 399.
\classnum@=\count194
\DOTSCASE@=\count195
LaTeX Info: Redefining \ldots on input line 496.
LaTeX Info: Redefining \dots on input line 499.
LaTeX Info: Redefining \cdots on input line 620.
\Mathstrutbox@=\box50
\strutbox@=\box51
\big@size=\dimen141
LaTeX Font Info:    Redeclaring font encoding OML on input line 743.
LaTeX Font Info:    Redeclaring font encoding OMS on input line 744.
\macc@depth=\count196
\c@MaxMatrixCols=\count197
\dotsspace@=\muskip16
\c@parentequation=\count198
\dspbrk@lvl=\count199
\tag@help=\toks17
\row@=\count266
\column@=\count267
\maxfields@=\count268
\andhelp@=\toks18
\eqnshift@=\dimen142
\alignsep@=\dimen143
\tagshift@=\dimen144
\tagwidth@=\dimen145
\totwidth@=\dimen146
\lineht@=\dimen147
\@envbody=\toks19
\multlinegap=\skip50
\multlinetaggap=\skip51
\mathdisplay@stack=\toks20
LaTeX Info: Redefining \[ on input line 2938.
LaTeX Info: Redefining \] on input line 2939.
)
(c:/Users/Ola Andre/AppData/Roaming/TinyTeX/texmf-dist/tex/latex/amsfonts/amssy
mb.sty
Package: amssymb 2013/01/14 v3.01 AMS font symbols

(c:/Users/Ola Andre/AppData/Roaming/TinyTeX/texmf-dist/tex/latex/amsfonts/amsfo
nts.sty
Package: amsfonts 2013/01/14 v3.01 Basic AMSFonts support
\symAMSa=\mathgroup4
\symAMSb=\mathgroup5
LaTeX Font Info:    Redeclaring math symbol \hbar on input line 98.
LaTeX Font Info:    Overwriting math alphabet `\mathfrak' in version `bold'
(Font)                  U/euf/m/n --> U/euf/b/n on input line 106.
))
(c:/Users/Ola Andre/AppData/Roaming/TinyTeX/texmf-dist/tex/latex/lm/lmodern.sty
Package: lmodern 2015/05/01 v1.6.1 Latin Modern Fonts
LaTeX Font Info:    Overwriting symbol font `operators' in version `normal'
(Font)                  OT1/cmr/m/n --> OT1/lmr/m/n on input line 22.
LaTeX Font Info:    Overwriting symbol font `letters' in version `normal'
(Font)                  OML/cmm/m/it --> OML/lmm/m/it on input line 23.
LaTeX Font Info:    Overwriting symbol font `symbols' in version `normal'
(Font)                  OMS/cmsy/m/n --> OMS/lmsy/m/n on input line 24.
LaTeX Font Info:    Overwriting symbol font `largesymbols' in version `normal'
(Font)                  OMX/cmex/m/n --> OMX/lmex/m/n on input line 25.
LaTeX Font Info:    Overwriting symbol font `operators' in version `bold'
(Font)                  OT1/cmr/bx/n --> OT1/lmr/bx/n on input line 26.
LaTeX Font Info:    Overwriting symbol font `letters' in version `bold'
(Font)                  OML/cmm/b/it --> OML/lmm/b/it on input line 27.
LaTeX Font Info:    Overwriting symbol font `symbols' in version `bold'
(Font)                  OMS/cmsy/b/n --> OMS/lmsy/b/n on input line 28.
LaTeX Font Info:    Overwriting symbol font `largesymbols' in version `bold'
(Font)                  OMX/cmex/m/n --> OMX/lmex/m/n on input line 29.
LaTeX Font Info:    Overwriting math alphabet `\mathbf' in version `normal'
(Font)                  OT1/cmr/bx/n --> OT1/lmr/bx/n on input line 31.
LaTeX Font Info:    Overwriting math alphabet `\mathsf' in version `normal'
(Font)                  OT1/cmss/m/n --> OT1/lmss/m/n on input line 32.
LaTeX Font Info:    Overwriting math alphabet `\mathit' in version `normal'
(Font)                  OT1/cmr/m/it --> OT1/lmr/m/it on input line 33.
LaTeX Font Info:    Overwriting math alphabet `\mathtt' in version `normal'
(Font)                  OT1/cmtt/m/n --> OT1/lmtt/m/n on input line 34.
LaTeX Font Info:    Overwriting math alphabet `\mathbf' in version `bold'
(Font)                  OT1/cmr/bx/n --> OT1/lmr/bx/n on input line 35.
LaTeX Font Info:    Overwriting math alphabet `\mathsf' in version `bold'
(Font)                  OT1/cmss/bx/n --> OT1/lmss/bx/n on input line 36.
LaTeX Font Info:    Overwriting math alphabet `\mathit' in version `bold'
(Font)                  OT1/cmr/bx/it --> OT1/lmr/bx/it on input line 37.
LaTeX Font Info:    Overwriting math alphabet `\mathtt' in version `bold'
(Font)                  OT1/cmtt/m/n --> OT1/lmtt/m/n on input line 38.
)
(c:/Users/Ola Andre/AppData/Roaming/TinyTeX/texmf-dist/tex/generic/iftex/ifxete
x.sty
Package: ifxetex 2019/10/25 v0.7 ifxetex legacy package. Use iftex instead.

(c:/Users/Ola Andre/AppData/Roaming/TinyTeX/texmf-dist/tex/generic/iftex/iftex.
sty
Package: iftex 2020/03/06 v1.0d TeX engine tests
))
(c:/Users/Ola Andre/AppData/Roaming/TinyTeX/texmf-dist/tex/generic/iftex/ifluat
ex.sty
Package: ifluatex 2019/10/25 v1.5 ifluatex legacy package. Use iftex instead.
)
(c:/Users/Ola Andre/AppData/Roaming/TinyTeX/texmf-dist/tex/latex/base/fontenc.s
ty
Package: fontenc 2021/04/29 v2.0v Standard LaTeX package
LaTeX Font Info:    Trying to load font information for T1+lmr on input line 11
2.
(c:/Users/Ola Andre/AppData/Roaming/TinyTeX/texmf-dist/tex/latex/lm/t1lmr.fd
File: t1lmr.fd 2015/05/01 v1.6.1 Font defs for Latin Modern
))
(c:/Users/Ola Andre/AppData/Roaming/TinyTeX/texmf-dist/tex/latex/base/inputenc.
sty
Package: inputenc 2021/02/14 v1.3d Input encoding file
\inpenc@prehook=\toks21
\inpenc@posthook=\toks22
)
(c:/Users/Ola Andre/AppData/Roaming/TinyTeX/texmf-dist/tex/latex/base/textcomp.
sty
Package: textcomp 2020/02/02 v2.0n Standard LaTeX package
)
(c:/Users/Ola Andre/AppData/Roaming/TinyTeX/texmf-dist/tex/latex/xcolor/xcolor.
sty
Package: xcolor 2021/10/31 v2.13 LaTeX color extensions (UK)

(c:/Users/Ola Andre/AppData/Roaming/TinyTeX/texmf-dist/tex/latex/graphics-cfg/c
olor.cfg
File: color.cfg 2016/01/02 v1.6 sample color configuration
)
Package xcolor Info: Driver file: pdftex.def on input line 227.

(c:/Users/Ola Andre/AppData/Roaming/TinyTeX/texmf-dist/tex/latex/graphics-def/p
dftex.def
File: pdftex.def 2020/10/05 v1.2a Graphics/color driver for pdftex
)
Package xcolor Info: Model `cmy' substituted by `cmy0' on input line 1352.
Package xcolor Info: Model `hsb' substituted by `rgb' on input line 1356.
Package xcolor Info: Model `RGB' extended on input line 1368.
Package xcolor Info: Model `HTML' substituted by `rgb' on input line 1370.
Package xcolor Info: Model `Hsb' substituted by `hsb' on input line 1371.
Package xcolor Info: Model `tHsb' substituted by `hsb' on input line 1372.
Package xcolor Info: Model `HSB' substituted by `hsb' on input line 1373.
Package xcolor Info: Model `Gray' substituted by `gray' on input line 1374.
Package xcolor Info: Model `wave' substituted by `hsb' on input line 1375.
)
(c:/Users/Ola Andre/AppData/Roaming/TinyTeX/texmf-dist/tex/latex/hyperref/hyper
ref.sty
Package: hyperref 2021-06-07 v7.00m Hypertext links for LaTeX

(c:/Users/Ola Andre/AppData/Roaming/TinyTeX/texmf-dist/tex/generic/ltxcmds/ltxc
mds.sty
Package: ltxcmds 2020-05-10 v1.25 LaTeX kernel commands for general use (HO)
)
(c:/Users/Ola Andre/AppData/Roaming/TinyTeX/texmf-dist/tex/generic/pdftexcmds/p
dftexcmds.sty
Package: pdftexcmds 2020-06-27 v0.33 Utility functions of pdfTeX for LuaTeX (HO
)

(c:/Users/Ola Andre/AppData/Roaming/TinyTeX/texmf-dist/tex/generic/infwarerr/in
fwarerr.sty
Package: infwarerr 2019/12/03 v1.5 Providing info/warning/error messages (HO)
)
Package pdftexcmds Info: \pdf@primitive is available.
Package pdftexcmds Info: \pdf@ifprimitive is available.
Package pdftexcmds Info: \pdfdraftmode found.
)
(c:/Users/Ola Andre/AppData/Roaming/TinyTeX/texmf-dist/tex/latex/graphics/keyva
l.sty
Package: keyval 2014/10/28 v1.15 key=value parser (DPC)
\KV@toks@=\toks23
)
(c:/Users/Ola Andre/AppData/Roaming/TinyTeX/texmf-dist/tex/generic/kvsetkeys/kv
setkeys.sty
Package: kvsetkeys 2019/12/15 v1.18 Key value parser (HO)
)
(c:/Users/Ola Andre/AppData/Roaming/TinyTeX/texmf-dist/tex/generic/kvdefinekeys
/kvdefinekeys.sty
Package: kvdefinekeys 2019-12-19 v1.6 Define keys (HO)
)
(c:/Users/Ola Andre/AppData/Roaming/TinyTeX/texmf-dist/tex/generic/pdfescape/pd
fescape.sty
Package: pdfescape 2019/12/09 v1.15 Implements pdfTeX's escape features (HO)
)
(c:/Users/Ola Andre/AppData/Roaming/TinyTeX/texmf-dist/tex/latex/hycolor/hycolo
r.sty
Package: hycolor 2020-01-27 v1.10 Color options for hyperref/bookmark (HO)
)
(c:/Users/Ola Andre/AppData/Roaming/TinyTeX/texmf-dist/tex/latex/letltxmacro/le
tltxmacro.sty
Package: letltxmacro 2019/12/03 v1.6 Let assignment for LaTeX macros (HO)
)
(c:/Users/Ola Andre/AppData/Roaming/TinyTeX/texmf-dist/tex/latex/auxhook/auxhoo
k.sty
Package: auxhook 2019-12-17 v1.6 Hooks for auxiliary files (HO)
)
(c:/Users/Ola Andre/AppData/Roaming/TinyTeX/texmf-dist/tex/latex/kvoptions/kvop
tions.sty
Package: kvoptions 2020-10-07 v3.14 Key value format for package options (HO)
)
\@linkdim=\dimen148
\Hy@linkcounter=\count269
\Hy@pagecounter=\count270

(c:/Users/Ola Andre/AppData/Roaming/TinyTeX/texmf-dist/tex/latex/hyperref/pd1en
c.def
File: pd1enc.def 2021-06-07 v7.00m Hyperref: PDFDocEncoding definition (HO)
Now handling font encoding PD1 ...
... no UTF-8 mapping file for font encoding PD1
)
(c:/Users/Ola Andre/AppData/Roaming/TinyTeX/texmf-dist/tex/latex/hyperref/hyper
ref-langpatches.def
File: hyperref-langpatches.def 2021-06-07 v7.00m Hyperref: patches for babel la
nguages
)
(c:/Users/Ola Andre/AppData/Roaming/TinyTeX/texmf-dist/tex/generic/intcalc/intc
alc.sty
Package: intcalc 2019/12/15 v1.3 Expandable calculations with integers (HO)
)
(c:/Users/Ola Andre/AppData/Roaming/TinyTeX/texmf-dist/tex/generic/etexcmds/ete
xcmds.sty
Package: etexcmds 2019/12/15 v1.7 Avoid name clashes with e-TeX commands (HO)
)
\Hy@SavedSpaceFactor=\count271

(c:/Users/Ola Andre/AppData/Roaming/TinyTeX/texmf-dist/tex/latex/hyperref/puenc
.def
File: puenc.def 2021-06-07 v7.00m Hyperref: PDF Unicode definition (HO)
Now handling font encoding PU ...
... no UTF-8 mapping file for font encoding PU
)
Package hyperref Info: Option `unicode' set `true' on input line 4073.
Package hyperref Info: Hyper figures OFF on input line 4192.
Package hyperref Info: Link nesting OFF on input line 4197.
Package hyperref Info: Hyper index ON on input line 4200.
Package hyperref Info: Plain pages OFF on input line 4207.
Package hyperref Info: Backreferencing OFF on input line 4212.
Package hyperref Info: Implicit mode ON; LaTeX internals redefined.
Package hyperref Info: Bookmarks ON on input line 4445.
\c@Hy@tempcnt=\count272
(c:/Users/Ola Andre/AppData/Roaming/TinyTeX/texmf-dist/tex/latex/url/url.sty
\Urlmuskip=\muskip17
Package: url 2013/09/16  ver 3.4  Verb mode for urls, etc.
)
LaTeX Info: Redefining \url on input line 4804.
\XeTeXLinkMargin=\dimen149

(c:/Users/Ola Andre/AppData/Roaming/TinyTeX/texmf-dist/tex/generic/bitset/bitse
t.sty
Package: bitset 2019/12/09 v1.3 Handle bit-vector datatype (HO)

(c:/Users/Ola Andre/AppData/Roaming/TinyTeX/texmf-dist/tex/generic/bigintcalc/b
igintcalc.sty
Package: bigintcalc 2019/12/15 v1.5 Expandable calculations on big integers (HO
)
))
\Fld@menulength=\count273
\Field@Width=\dimen150
\Fld@charsize=\dimen151
Package hyperref Info: Hyper figures OFF on input line 6076.
Package hyperref Info: Link nesting OFF on input line 6081.
Package hyperref Info: Hyper index ON on input line 6084.
Package hyperref Info: backreferencing OFF on input line 6091.
Package hyperref Info: Link coloring OFF on input line 6096.
Package hyperref Info: Link coloring with OCG OFF on input line 6101.
Package hyperref Info: PDF/A mode OFF on input line 6106.
LaTeX Info: Redefining \ref on input line 6146.
LaTeX Info: Redefining \pageref on input line 6150.

(c:/Users/Ola Andre/AppData/Roaming/TinyTeX/texmf-dist/tex/latex/base/atbegshi-
ltx.sty
Package: atbegshi-ltx 2021/01/10 v1.0c Emulation of the original atbegshi
package with kernel methods
)
\Hy@abspage=\count274
\c@Item=\count275
\c@Hfootnote=\count276
)
Package hyperref Info: Driver (autodetected): hpdftex.

(c:/Users/Ola Andre/AppData/Roaming/TinyTeX/texmf-dist/tex/latex/hyperref/hpdft
ex.def
File: hpdftex.def 2021-06-07 v7.00m Hyperref driver for pdfTeX

(c:/Users/Ola Andre/AppData/Roaming/TinyTeX/texmf-dist/tex/latex/base/atveryend
-ltx.sty
Package: atveryend-ltx 2020/08/19 v1.0a Emulation of the original atveryend pac
kage
with kernel methods
)
\Fld@listcount=\count277
\c@bookmark@seq@number=\count278

(c:/Users/Ola Andre/AppData/Roaming/TinyTeX/texmf-dist/tex/latex/rerunfilecheck
/rerunfilecheck.sty
Package: rerunfilecheck 2019/12/05 v1.9 Rerun checks for auxiliary files (HO)

(c:/Users/Ola Andre/AppData/Roaming/TinyTeX/texmf-dist/tex/generic/uniquecounte
r/uniquecounter.sty
Package: uniquecounter 2019/12/15 v1.4 Provide unlimited unique counter (HO)
)
Package uniquecounter Info: New unique counter `rerunfilecheck' on input line 2
86.
)
\Hy@SectionHShift=\skip52
)
(c:/Users/Ola Andre/AppData/Roaming/TinyTeX/texmf-dist/tex/latex/geometry/geome
try.sty
Package: geometry 2020/01/02 v5.9 Page Geometry

(c:/Users/Ola Andre/AppData/Roaming/TinyTeX/texmf-dist/tex/generic/iftex/ifvtex
.sty
Package: ifvtex 2019/10/25 v1.7 ifvtex legacy package. Use iftex instead.
)
\Gm@cnth=\count279
\Gm@cntv=\count280
\c@Gm@tempcnt=\count281
\Gm@bindingoffset=\dimen152
\Gm@wd@mp=\dimen153
\Gm@odd@mp=\dimen154
\Gm@even@mp=\dimen155
\Gm@layoutwidth=\dimen156
\Gm@layoutheight=\dimen157
\Gm@layouthoffset=\dimen158
\Gm@layoutvoffset=\dimen159
\Gm@dimlist=\toks24
)
(c:/Users/Ola Andre/AppData/Roaming/TinyTeX/texmf-dist/tex/latex/graphics/graph
icx.sty
Package: graphicx 2021/09/16 v1.2d Enhanced LaTeX Graphics (DPC,SPQR)

(c:/Users/Ola Andre/AppData/Roaming/TinyTeX/texmf-dist/tex/latex/graphics/graph
ics.sty
Package: graphics 2021/03/04 v1.4d Standard LaTeX Graphics (DPC,SPQR)

(c:/Users/Ola Andre/AppData/Roaming/TinyTeX/texmf-dist/tex/latex/graphics/trig.
sty
Package: trig 2021/08/11 v1.11 sin cos tan (DPC)
)
(c:/Users/Ola Andre/AppData/Roaming/TinyTeX/texmf-dist/tex/latex/graphics-cfg/g
raphics.cfg
File: graphics.cfg 2016/06/04 v1.11 sample graphics configuration
)
Package graphics Info: Driver file: pdftex.def on input line 107.
)
\Gin@req@height=\dimen160
\Gin@req@width=\dimen161
)
(c:/Users/Ola Andre/AppData/Roaming/TinyTeX/texmf-dist/tex/generic/babel/babel.
sty
Package: babel 2021/12/30 3.69 The Babel package
\babel@savecnt=\count282
\U@D=\dimen162
\l@unhyphenated=\language3

(c:/Users/Ola Andre/AppData/Roaming/TinyTeX/texmf-dist/tex/generic/babel/txtbab
el.def)
\bbl@readstream=\read2
\bbl@dirlevel=\count283

(c:/Users/Ola Andre/AppData/Roaming/TinyTeX/texmf-dist/tex/generic/babel-norsk/
norsk.ldf
Language: norsk 2012/08/06 v2.0i Norsk support from the babel system

Package babel Warning: No hyphenation patterns were preloaded for
(babel)                the language 'Norsk' into the format.
(babel)                Please, configure your TeX system to add them and
(babel)                rebuild the format. Now I will use the patterns
(babel)                preloaded for \language=0 instead on input line 49.

Package babel Info: Hyphen rules for 'norsk' set to \l@english
(babel)             (\language0). Reported on input line 50.
Package babel Info: Making " an active character on input line 113.
))
(c:/Users/Ola Andre/AppData/Roaming/TinyTeX/texmf-dist/tex/latex/etoolbox/etool
box.sty
Package: etoolbox 2020/10/05 v2.5k e-TeX tools for LaTeX (JAW)
\etb@tempcnta=\count284
)
(c:/Users/Ola Andre/AppData/Roaming/TinyTeX/texmf-dist/tex/latex/l3backend/l3ba
ckend-pdftex.def
File: l3backend-pdftex.def 2021-12-14 L3 backend support: PDF output (pdfTeX)
\l__color_backend_stack_int=\count285
\l__pdf_internal_box=\box52
) (./Rapport_MSB106_Arbeidskrav_V22.aux)
\openout1 = `Rapport_MSB106_Arbeidskrav_V22.aux'.

LaTeX Font Info:    Checking defaults for OML/cmm/m/it on input line 91.
LaTeX Font Info:    ... okay on input line 91.
LaTeX Font Info:    Checking defaults for OMS/cmsy/m/n on input line 91.
LaTeX Font Info:    ... okay on input line 91.
LaTeX Font Info:    Checking defaults for OT1/cmr/m/n on input line 91.
LaTeX Font Info:    ... okay on input line 91.
LaTeX Font Info:    Checking defaults for T1/cmr/m/n on input line 91.
LaTeX Font Info:    ... okay on input line 91.
LaTeX Font Info:    Checking defaults for TS1/cmr/m/n on input line 91.
LaTeX Font Info:    ... okay on input line 91.
LaTeX Font Info:    Checking defaults for OMX/cmex/m/n on input line 91.
LaTeX Font Info:    ... okay on input line 91.
LaTeX Font Info:    Checking defaults for U/cmr/m/n on input line 91.
LaTeX Font Info:    ... okay on input line 91.
LaTeX Font Info:    Checking defaults for PD1/pdf/m/n on input line 91.
LaTeX Font Info:    ... okay on input line 91.
LaTeX Font Info:    Checking defaults for PU/pdf/m/n on input line 91.
LaTeX Font Info:    ... okay on input line 91.

(c:/Users/Ola Andre/AppData/Roaming/TinyTeX/texmf-dist/tex/latex/epstopdf-pkg/e
pstopdf-base.sty
Package: epstopdf-base 2020-01-24 v2.11 Base part for package epstopdf
Package epstopdf-base Info: Redefining graphics rule for `.eps' on input line 4
85.

(c:/Users/Ola Andre/AppData/Roaming/TinyTeX/texmf-dist/tex/latex/latexconfig/ep
stopdf-sys.cfg
File: epstopdf-sys.cfg 2010/07/13 v1.3 Configuration of (r)epstopdf for TeX Liv
e
))
Package hyperref Info: Link coloring OFF on input line 91.

(c:/Users/Ola Andre/AppData/Roaming/TinyTeX/texmf-dist/tex/latex/hyperref/namer
ef.sty
Package: nameref 2021-04-02 v2.47 Cross-referencing by name of section

(c:/Users/Ola Andre/AppData/Roaming/TinyTeX/texmf-dist/tex/latex/refcount/refco
unt.sty
Package: refcount 2019/12/15 v3.6 Data extraction from label references (HO)
)
(c:/Users/Ola Andre/AppData/Roaming/TinyTeX/texmf-dist/tex/generic/gettitlestri
ng/gettitlestring.sty
Package: gettitlestring 2019/12/15 v1.6 Cleanup title references (HO)
)
\c@section@level=\count286
)
LaTeX Info: Redefining \ref on input line 91.
LaTeX Info: Redefining \pageref on input line 91.
LaTeX Info: Redefining \nameref on input line 91.
(./Rapport_MSB106_Arbeidskrav_V22.out) (./Rapport_MSB106_Arbeidskrav_V22.out)
\@outlinefile=\write3
\openout3 = `Rapport_MSB106_Arbeidskrav_V22.out'.

*geometry* driver: auto-detecting
*geometry* detected driver: pdftex
*geometry* verbose mode - [ preamble ] result:
* driver: pdftex
* paper: <default>
* layout: <same size as paper>
* layoutoffset:(h,v)=(0.0pt,0.0pt)
* modes: 
* h-part:(L,W,R)=(72.26999pt, 469.75502pt, 72.26999pt)
* v-part:(T,H,B)=(72.26999pt, 650.43001pt, 72.26999pt)
* \paperwidth=614.295pt
* \paperheight=794.96999pt
* \textwidth=469.75502pt
* \textheight=650.43001pt
* \oddsidemargin=0.0pt
* \evensidemargin=0.0pt
* \topmargin=-37.0pt
* \headheight=12.0pt
* \headsep=25.0pt
* \topskip=10.0pt
* \footskip=30.0pt
* \marginparwidth=65.0pt
* \marginparsep=11.0pt
* \columnsep=10.0pt
* \skip\footins=9.0pt plus 4.0pt minus 2.0pt
* \hoffset=0.0pt
* \voffset=0.0pt
* \mag=1000
* \@twocolumnfalse
* \@twosidefalse
* \@mparswitchfalse
* \@reversemarginfalse
* (1in=72.27pt=25.4mm, 1cm=28.453pt)

LaTeX Font Info:    Trying to load font information for OT1+lmr on input line 9
3.
(c:/Users/Ola Andre/AppData/Roaming/TinyTeX/texmf-dist/tex/latex/lm/ot1lmr.fd
File: ot1lmr.fd 2015/05/01 v1.6.1 Font defs for Latin Modern
)
LaTeX Font Info:    Trying to load font information for OML+lmm on input line 9
3.
(c:/Users/Ola Andre/AppData/Roaming/TinyTeX/texmf-dist/tex/latex/lm/omllmm.fd
File: omllmm.fd 2015/05/01 v1.6.1 Font defs for Latin Modern
)
LaTeX Font Info:    Trying to load font information for OMS+lmsy on input line 
93.
(c:/Users/Ola Andre/AppData/Roaming/TinyTeX/texmf-dist/tex/latex/lm/omslmsy.fd
File: omslmsy.fd 2015/05/01 v1.6.1 Font defs for Latin Modern
)
LaTeX Font Info:    Trying to load font information for OMX+lmex on input line 
93.
(c:/Users/Ola Andre/AppData/Roaming/TinyTeX/texmf-dist/tex/latex/lm/omxlmex.fd
File: omxlmex.fd 2015/05/01 v1.6.1 Font defs for Latin Modern
)
LaTeX Font Info:    External font `lmex10' loaded for size
(Font)              <12> on input line 93.
LaTeX Font Info:    External font `lmex10' loaded for size
(Font)              <8> on input line 93.
LaTeX Font Info:    External font `lmex10' loaded for size
(Font)              <6> on input line 93.
LaTeX Font Info:    Trying to load font information for U+msa on input line 93.


(c:/Users/Ola Andre/AppData/Roaming/TinyTeX/texmf-dist/tex/latex/amsfonts/umsa.
fd
File: umsa.fd 2013/01/14 v3.01 AMS symbols A
)
LaTeX Font Info:    Trying to load font information for U+msb on input line 93.


(c:/Users/Ola Andre/AppData/Roaming/TinyTeX/texmf-dist/tex/latex/amsfonts/umsb.
fd
File: umsb.fd 2013/01/14 v3.01 AMS symbols B
)
LaTeX Font Info:    Trying to load font information for TS1+lmr on input line 1
07.
(c:/Users/Ola Andre/AppData/Roaming/TinyTeX/texmf-dist/tex/latex/lm/ts1lmr.fd
File: ts1lmr.fd 2015/05/01 v1.6.1 Font defs for Latin Modern
) [1

{c:/Users/Ola Andre/AppData/Roaming/TinyTeX/texmf-var/fonts/map/pdftex/updmap/p
dftex.map}]
LaTeX Font Info:    External font `lmex10' loaded for size
(Font)              <10> on input line 214.
LaTeX Font Info:    External font `lmex10' loaded for size
(Font)              <7> on input line 214.
LaTeX Font Info:    External font `lmex10' loaded for size
(Font)              <5> on input line 214.
<Rapport_MSB106_Arbeidskrav_V22_files/figure-latex/Arbeidssted_Haugalandet_1-1.
pdf, id=72, 469.755pt x 325.215pt>
File: Rapport_MSB106_Arbeidskrav_V22_files/figure-latex/Arbeidssted_Haugalandet
_1-1.pdf Graphic file (type pdf)
<use Rapport_MSB106_Arbeidskrav_V22_files/figure-latex/Arbeidssted_Haugalandet_
1-1.pdf>
Package pdftex.def Info: Rapport_MSB106_Arbeidskrav_V22_files/figure-latex/Arbe
idssted_Haugalandet_1-1.pdf  used on input line 228.
(pdftex.def)             Requested size: 469.75386pt x 325.2142pt.
[2]
<Rapport_MSB106_Arbeidskrav_V22_files/figure-latex/Arbeidssted_Haugalandet_2-1.
pdf, id=83, 469.755pt x 325.215pt>
File: Rapport_MSB106_Arbeidskrav_V22_files/figure-latex/Arbeidssted_Haugalandet
_2-1.pdf Graphic file (type pdf)
<use Rapport_MSB106_Arbeidskrav_V22_files/figure-latex/Arbeidssted_Haugalandet_
2-1.pdf>
Package pdftex.def Info: Rapport_MSB106_Arbeidskrav_V22_files/figure-latex/Arbe
idssted_Haugalandet_2-1.pdf  used on input line 235.
(pdftex.def)             Requested size: 469.75386pt x 325.2142pt.
[3 <./Rapport_MSB106_Arbeidskrav_V22_files/figure-latex/Arbeidssted_Haugalandet
_1-1.pdf>]
<Rapport_MSB106_Arbeidskrav_V22_files/figure-latex/Næring_Total_Haugalandet_3_
Største_Arbeidsted-1.pdf, id=93, 469.755pt x 325.215pt>
File: Rapport_MSB106_Arbeidskrav_V22_files/figure-latex/Næring_Total_Haugaland
et_3_Største_Arbeidsted-1.pdf Graphic file (type pdf)
<use Rapport_MSB106_Arbeidskrav_V22_files/figure-latex/Næring_Total_Haugalande
t_3_Største_Arbeidsted-1.pdf>
Package pdftex.def Info: Rapport_MSB106_Arbeidskrav_V22_files/figure-latex/Nær
ing_Total_Haugalandet_3_Største_Arbeidsted-1.pdf  used on input line 241.
(pdftex.def)             Requested size: 469.75386pt x 325.2142pt.
[4 <./Rapport_MSB106_Arbeidskrav_V22_files/figure-latex/Arbeidssted_Haugalandet
_2-1.pdf>]
<Rapport_MSB106_Arbeidskrav_V22_files/figure-latex/Næring_Total_Haugalandet_4_
Minste_Arbeidsted-1.pdf, id=103, 469.755pt x 325.215pt>
File: Rapport_MSB106_Arbeidskrav_V22_files/figure-latex/Næring_Total_Haugaland
et_4_Minste_Arbeidsted-1.pdf Graphic file (type pdf)
<use Rapport_MSB106_Arbeidskrav_V22_files/figure-latex/Næring_Total_Haugalande
t_4_Minste_Arbeidsted-1.pdf>
Package pdftex.def Info: Rapport_MSB106_Arbeidskrav_V22_files/figure-latex/Nær
ing_Total_Haugalandet_4_Minste_Arbeidsted-1.pdf  used on input line 243.
(pdftex.def)             Requested size: 469.75386pt x 325.2142pt.
[5 <./Rapport_MSB106_Arbeidskrav_V22_files/figure-latex/Næring_Total_Haugaland
et_3_Største_Arbeidsted-1.pdf>]
LaTeX Font Info:    Trying to load font information for T1+lmtt on input line 2
53.
(c:/Users/Ola Andre/AppData/Roaming/TinyTeX/texmf-dist/tex/latex/lm/t1lmtt.fd
File: t1lmtt.fd 2015/05/01 v1.6.1 Font defs for Latin Modern
)
<Rapport_MSB106_Arbeidskrav_V22_files/figure-latex/Næringsfordeling_og_Utvikli
ng_Haugelandet_3_Største_Arbeidssted-1.pdf, id=113, 469.755pt x 325.215pt>
File: Rapport_MSB106_Arbeidskrav_V22_files/figure-latex/Næringsfordeling_og_Ut
vikling_Haugelandet_3_Største_Arbeidssted-1.pdf Graphic file (type pdf)
<use Rapport_MSB106_Arbeidskrav_V22_files/figure-latex/Næringsfordeling_og_Utv
ikling_Haugelandet_3_Største_Arbeidssted-1.pdf>
Package pdftex.def Info: Rapport_MSB106_Arbeidskrav_V22_files/figure-latex/Nær
ingsfordeling_og_Utvikling_Haugelandet_3_Største_Arbeidssted-1.pdf  used on in
put line 257.
(pdftex.def)             Requested size: 469.75386pt x 325.2142pt.
[6 <./Rapport_MSB106_Arbeidskrav_V22_files/figure-latex/Næring_Total_Haugaland
et_4_Minste_Arbeidsted-1.pdf>]
<Rapport_MSB106_Arbeidskrav_V22_files/figure-latex/Næringsfordeling_og_Utvikli
ng_Haugelandet_4_Minste_Arbeidssted-1.pdf, id=124, 469.755pt x 325.215pt>
File: Rapport_MSB106_Arbeidskrav_V22_files/figure-latex/Næringsfordeling_og_Ut
vikling_Haugelandet_4_Minste_Arbeidssted-1.pdf Graphic file (type pdf)
<use Rapport_MSB106_Arbeidskrav_V22_files/figure-latex/Næringsfordeling_og_Utv
ikling_Haugelandet_4_Minste_Arbeidssted-1.pdf>
Package pdftex.def Info: Rapport_MSB106_Arbeidskrav_V22_files/figure-latex/Nær
ingsfordeling_og_Utvikling_Haugelandet_4_Minste_Arbeidssted-1.pdf  used on inpu
t line 263.
(pdftex.def)             Requested size: 469.75386pt x 325.2142pt.
[7 <./Rapport_MSB106_Arbeidskrav_V22_files/figure-latex/Næringsfordeling_og_Ut
vikling_Haugelandet_3_Største_Arbeidssted-1.pdf>] [8 <./Rapport_MSB106_Arbeids
krav_V22_files/figure-latex/Næringsfordeling_og_Utvikling_Haugelandet_4_Minste
_Arbeidssted-1.pdf>]
<Rapport_MSB106_Arbeidskrav_V22_files/figure-latex/Arbeidssted_Sunnhordland_1-1
.pdf, id=145, 469.755pt x 325.215pt>
File: Rapport_MSB106_Arbeidskrav_V22_files/figure-latex/Arbeidssted_Sunnhordlan
d_1-1.pdf Graphic file (type pdf)
<use Rapport_MSB106_Arbeidskrav_V22_files/figure-latex/Arbeidssted_Sunnhordland
_1-1.pdf>
Package pdftex.def Info: Rapport_MSB106_Arbeidskrav_V22_files/figure-latex/Arbe
idssted_Sunnhordland_1-1.pdf  used on input line 315.
(pdftex.def)             Requested size: 469.75386pt x 325.2142pt.
<Rapport_MSB106_Arbeidskrav_V22_files/figure-latex/Arbeidssted_Sunnhordland_2-1
.pdf, id=146, 469.755pt x 325.215pt>
File: Rapport_MSB106_Arbeidskrav_V22_files/figure-latex/Arbeidssted_Sunnhordlan
d_2-1.pdf Graphic file (type pdf)
<use Rapport_MSB106_Arbeidskrav_V22_files/figure-latex/Arbeidssted_Sunnhordland
_2-1.pdf>
Package pdftex.def Info: Rapport_MSB106_Arbeidskrav_V22_files/figure-latex/Arbe
idssted_Sunnhordland_2-1.pdf  used on input line 324.
(pdftex.def)             Requested size: 469.75386pt x 325.2142pt.
[9 <./Rapport_MSB106_Arbeidskrav_V22_files/figure-latex/Arbeidssted_Sunnhordlan
d_1-1.pdf>]
<Rapport_MSB106_Arbeidskrav_V22_files/figure-latex/Næring_Total_Sunnhordland_3
_Største_Arbeidsted-1.pdf, id=158, 469.755pt x 325.215pt>
File: Rapport_MSB106_Arbeidskrav_V22_files/figure-latex/Næring_Total_Sunnhordl
and_3_Største_Arbeidsted-1.pdf Graphic file (type pdf)
<use Rapport_MSB106_Arbeidskrav_V22_files/figure-latex/Næring_Total_Sunnhordla
nd_3_Største_Arbeidsted-1.pdf>
Package pdftex.def Info: Rapport_MSB106_Arbeidskrav_V22_files/figure-latex/Nær
ing_Total_Sunnhordland_3_Største_Arbeidsted-1.pdf  used on input line 331.
(pdftex.def)             Requested size: 469.75386pt x 325.2142pt.
[10 <./Rapport_MSB106_Arbeidskrav_V22_files/figure-latex/Arbeidssted_Sunnhordla
nd_2-1.pdf>]
<Rapport_MSB106_Arbeidskrav_V22_files/figure-latex/Næring_Total_Sunnhordland_4
_Minste_Arbeidsted-1.pdf, id=168, 469.755pt x 325.215pt>
File: Rapport_MSB106_Arbeidskrav_V22_files/figure-latex/Næring_Total_Sunnhordl
and_4_Minste_Arbeidsted-1.pdf Graphic file (type pdf)
<use Rapport_MSB106_Arbeidskrav_V22_files/figure-latex/Næring_Total_Sunnhordla
nd_4_Minste_Arbeidsted-1.pdf>
Package pdftex.def Info: Rapport_MSB106_Arbeidskrav_V22_files/figure-latex/Nær
ing_Total_Sunnhordland_4_Minste_Arbeidsted-1.pdf  used on input line 333.
(pdftex.def)             Requested size: 469.75386pt x 325.2142pt.
[11 <./Rapport_MSB106_Arbeidskrav_V22_files/figure-latex/Næring_Total_Sunnhord
land_3_Største_Arbeidsted-1.pdf>]
<Rapport_MSB106_Arbeidskrav_V22_files/figure-latex/Næringsfordeling_og_Utvikli
ng_Sunnhordland_3_Største_Arbeidssted-1.pdf, id=178, 469.755pt x 325.215pt>
File: Rapport_MSB106_Arbeidskrav_V22_files/figure-latex/Næringsfordeling_og_Ut
vikling_Sunnhordland_3_Største_Arbeidssted-1.pdf Graphic file (type pdf)
<use Rapport_MSB106_Arbeidskrav_V22_files/figure-latex/Næringsfordeling_og_Utv
ikling_Sunnhordland_3_Største_Arbeidssted-1.pdf>
Package pdftex.def Info: Rapport_MSB106_Arbeidskrav_V22_files/figure-latex/Nær
ingsfordeling_og_Utvikling_Sunnhordland_3_Største_Arbeidssted-1.pdf  used on i
nput line 341.
(pdftex.def)             Requested size: 469.75386pt x 325.2142pt.
[12 <./Rapport_MSB106_Arbeidskrav_V22_files/figure-latex/Næring_Total_Sunnhord
land_4_Minste_Arbeidsted-1.pdf>]
<Rapport_MSB106_Arbeidskrav_V22_files/figure-latex/Næringsfordeling_og_Utvikli
ng_Sunnhordland_4_Minste_Arbeidssted-1.pdf, id=188, 469.755pt x 325.215pt>
File: Rapport_MSB106_Arbeidskrav_V22_files/figure-latex/Næringsfordeling_og_Ut
vikling_Sunnhordland_4_Minste_Arbeidssted-1.pdf Graphic file (type pdf)
<use Rapport_MSB106_Arbeidskrav_V22_files/figure-latex/Næringsfordeling_og_Utv
ikling_Sunnhordland_4_Minste_Arbeidssted-1.pdf>
Package pdftex.def Info: Rapport_MSB106_Arbeidskrav_V22_files/figure-latex/Nær
ingsfordeling_og_Utvikling_Sunnhordland_4_Minste_Arbeidssted-1.pdf  used on inp
ut line 347.
(pdftex.def)             Requested size: 469.75386pt x 325.2142pt.
[13 <./Rapport_MSB106_Arbeidskrav_V22_files/figure-latex/Næringsfordeling_og_U
tvikling_Sunnhordland_3_Største_Arbeidssted-1.pdf>]
<Rapport_MSB106_Arbeidskrav_V22_files/figure-latex/Arbeidssted_Hardanger_1-1.pd
f, id=199, 469.755pt x 325.215pt>
File: Rapport_MSB106_Arbeidskrav_V22_files/figure-latex/Arbeidssted_Hardanger_1
-1.pdf Graphic file (type pdf)
<use Rapport_MSB106_Arbeidskrav_V22_files/figure-latex/Arbeidssted_Hardanger_1-
1.pdf>
Package pdftex.def Info: Rapport_MSB106_Arbeidskrav_V22_files/figure-latex/Arbe
idssted_Hardanger_1-1.pdf  used on input line 354.
(pdftex.def)             Requested size: 469.75386pt x 325.2142pt.
[14 <./Rapport_MSB106_Arbeidskrav_V22_files/figure-latex/Næringsfordeling_og_U
tvikling_Sunnhordland_4_Minste_Arbeidssted-1.pdf>]
<Rapport_MSB106_Arbeidskrav_V22_files/figure-latex/Arbeidssted_Hardanger_2-1.pd
f, id=211, 469.755pt x 325.215pt>
File: Rapport_MSB106_Arbeidskrav_V22_files/figure-latex/Arbeidssted_Hardanger_2
-1.pdf Graphic file (type pdf)
<use Rapport_MSB106_Arbeidskrav_V22_files/figure-latex/Arbeidssted_Hardanger_2-
1.pdf>
Package pdftex.def Info: Rapport_MSB106_Arbeidskrav_V22_files/figure-latex/Arbe
idssted_Hardanger_2-1.pdf  used on input line 356.
(pdftex.def)             Requested size: 469.75386pt x 325.2142pt.
[15 <./Rapport_MSB106_Arbeidskrav_V22_files/figure-latex/Arbeidssted_Hardanger_
1-1.pdf>]
<Rapport_MSB106_Arbeidskrav_V22_files/figure-latex/Næring_Total_Hardanger_Arbe
idsted-1.pdf, id=221, 469.755pt x 325.215pt>
File: Rapport_MSB106_Arbeidskrav_V22_files/figure-latex/Næring_Total_Hardanger
_Arbeidsted-1.pdf Graphic file (type pdf)
<use Rapport_MSB106_Arbeidskrav_V22_files/figure-latex/Næring_Total_Hardanger_
Arbeidsted-1.pdf>
Package pdftex.def Info: Rapport_MSB106_Arbeidskrav_V22_files/figure-latex/Nær
ing_Total_Hardanger_Arbeidsted-1.pdf  used on input line 358.
(pdftex.def)             Requested size: 469.75386pt x 325.2142pt.
[16 <./Rapport_MSB106_Arbeidskrav_V22_files/figure-latex/Arbeidssted_Hardanger_
2-1.pdf>]
<Rapport_MSB106_Arbeidskrav_V22_files/figure-latex/Næringsfordeling_og_Utvikli
ng_Hardanger_Arbeidssted-1.pdf, id=231, 469.755pt x 325.215pt>
File: Rapport_MSB106_Arbeidskrav_V22_files/figure-latex/Næringsfordeling_og_Ut
vikling_Hardanger_Arbeidssted-1.pdf Graphic file (type pdf)
<use Rapport_MSB106_Arbeidskrav_V22_files/figure-latex/Næringsfordeling_og_Utv
ikling_Hardanger_Arbeidssted-1.pdf>
Package pdftex.def Info: Rapport_MSB106_Arbeidskrav_V22_files/figure-latex/Nær
ingsfordeling_og_Utvikling_Hardanger_Arbeidssted-1.pdf  used on input line 364.

(pdftex.def)             Requested size: 469.75386pt x 325.2142pt.
[17 <./Rapport_MSB106_Arbeidskrav_V22_files/figure-latex/Næring_Total_Hardange
r_Arbeidsted-1.pdf>]
<Rapport_MSB106_Arbeidskrav_V22_files/figure-latex/Bosted_Haugalandet_1-1.pdf, 
id=241, 469.755pt x 325.215pt>
File: Rapport_MSB106_Arbeidskrav_V22_files/figure-latex/Bosted_Haugalandet_1-1.
pdf Graphic file (type pdf)
<use Rapport_MSB106_Arbeidskrav_V22_files/figure-latex/Bosted_Haugalandet_1-1.p
df>
Package pdftex.def Info: Rapport_MSB106_Arbeidskrav_V22_files/figure-latex/Bost
ed_Haugalandet_1-1.pdf  used on input line 373.
(pdftex.def)             Requested size: 469.75386pt x 325.2142pt.
[18 <./Rapport_MSB106_Arbeidskrav_V22_files/figure-latex/Næringsfordeling_og_U
tvikling_Hardanger_Arbeidssted-1.pdf>]
<Rapport_MSB106_Arbeidskrav_V22_files/figure-latex/Bosted_Haugalandet_2-1.pdf, 
id=252, 469.755pt x 325.215pt>
File: Rapport_MSB106_Arbeidskrav_V22_files/figure-latex/Bosted_Haugalandet_2-1.
pdf Graphic file (type pdf)
<use Rapport_MSB106_Arbeidskrav_V22_files/figure-latex/Bosted_Haugalandet_2-1.p
df>
Package pdftex.def Info: Rapport_MSB106_Arbeidskrav_V22_files/figure-latex/Bost
ed_Haugalandet_2-1.pdf  used on input line 375.
(pdftex.def)             Requested size: 469.75386pt x 325.2142pt.
[19 <./Rapport_MSB106_Arbeidskrav_V22_files/figure-latex/Bosted_Haugalandet_1-1
.pdf>]
<Rapport_MSB106_Arbeidskrav_V22_files/figure-latex/Næring_Total_Haugalandet_3_
Største_Bosted-1.pdf, id=264, 469.755pt x 325.215pt>
File: Rapport_MSB106_Arbeidskrav_V22_files/figure-latex/Næring_Total_Haugaland
et_3_Største_Bosted-1.pdf Graphic file (type pdf)
<use Rapport_MSB106_Arbeidskrav_V22_files/figure-latex/Næring_Total_Haugalande
t_3_Største_Bosted-1.pdf>
Package pdftex.def Info: Rapport_MSB106_Arbeidskrav_V22_files/figure-latex/Nær
ing_Total_Haugalandet_3_Største_Bosted-1.pdf  used on input line 377.
(pdftex.def)             Requested size: 469.75386pt x 325.2142pt.
[20 <./Rapport_MSB106_Arbeidskrav_V22_files/figure-latex/Bosted_Haugalandet_2-1
.pdf>]
<Rapport_MSB106_Arbeidskrav_V22_files/figure-latex/Næring_Total_Haugalandet_4_
Minste_Bosted-1.pdf, id=274, 469.755pt x 325.215pt>
File: Rapport_MSB106_Arbeidskrav_V22_files/figure-latex/Næring_Total_Haugaland
et_4_Minste_Bosted-1.pdf Graphic file (type pdf)
<use Rapport_MSB106_Arbeidskrav_V22_files/figure-latex/Næring_Total_Haugalande
t_4_Minste_Bosted-1.pdf>
Package pdftex.def Info: Rapport_MSB106_Arbeidskrav_V22_files/figure-latex/Nær
ing_Total_Haugalandet_4_Minste_Bosted-1.pdf  used on input line 379.
(pdftex.def)             Requested size: 469.75386pt x 325.2142pt.
[21 <./Rapport_MSB106_Arbeidskrav_V22_files/figure-latex/Næring_Total_Haugalan
det_3_Største_Bosted-1.pdf>]
<Rapport_MSB106_Arbeidskrav_V22_files/figure-latex/Næringsfordeling_og_Utvikli
ng_Haugelandet_3_Største_Bosted-1.pdf, id=284, 469.755pt x 325.215pt>
File: Rapport_MSB106_Arbeidskrav_V22_files/figure-latex/Næringsfordeling_og_Ut
vikling_Haugelandet_3_Største_Bosted-1.pdf Graphic file (type pdf)
<use Rapport_MSB106_Arbeidskrav_V22_files/figure-latex/Næringsfordeling_og_Utv
ikling_Haugelandet_3_Største_Bosted-1.pdf>
Package pdftex.def Info: Rapport_MSB106_Arbeidskrav_V22_files/figure-latex/Nær
ingsfordeling_og_Utvikling_Haugelandet_3_Største_Bosted-1.pdf  used on input l
ine 381.
(pdftex.def)             Requested size: 469.75386pt x 325.2142pt.
[22 <./Rapport_MSB106_Arbeidskrav_V22_files/figure-latex/Næring_Total_Haugalan
det_4_Minste_Bosted-1.pdf>]
<Rapport_MSB106_Arbeidskrav_V22_files/figure-latex/Næringsfordeling_og_Utvikli
ng_Haugelandet_4_Minste_Bosted-1.pdf, id=294, 469.755pt x 325.215pt>
File: Rapport_MSB106_Arbeidskrav_V22_files/figure-latex/Næringsfordeling_og_Ut
vikling_Haugelandet_4_Minste_Bosted-1.pdf Graphic file (type pdf)
<use Rapport_MSB106_Arbeidskrav_V22_files/figure-latex/Næringsfordeling_og_Utv
ikling_Haugelandet_4_Minste_Bosted-1.pdf>
Package pdftex.def Info: Rapport_MSB106_Arbeidskrav_V22_files/figure-latex/Nær
ingsfordeling_og_Utvikling_Haugelandet_4_Minste_Bosted-1.pdf  used on input lin
e 383.
(pdftex.def)             Requested size: 469.75386pt x 325.2142pt.
[23 <./Rapport_MSB106_Arbeidskrav_V22_files/figure-latex/Næringsfordeling_og_U
tvikling_Haugelandet_3_Største_Bosted-1.pdf>]
<Rapport_MSB106_Arbeidskrav_V22_files/figure-latex/Bosted_Sunnhordland_1-1.pdf,
 id=305, 469.755pt x 325.215pt>
File: Rapport_MSB106_Arbeidskrav_V22_files/figure-latex/Bosted_Sunnhordland_1-1
.pdf Graphic file (type pdf)
<use Rapport_MSB106_Arbeidskrav_V22_files/figure-latex/Bosted_Sunnhordland_1-1.
pdf>
Package pdftex.def Info: Rapport_MSB106_Arbeidskrav_V22_files/figure-latex/Bost
ed_Sunnhordland_1-1.pdf  used on input line 388.
(pdftex.def)             Requested size: 469.75386pt x 325.2142pt.
[24 <./Rapport_MSB106_Arbeidskrav_V22_files/figure-latex/Næringsfordeling_og_U
tvikling_Haugelandet_4_Minste_Bosted-1.pdf>]
<Rapport_MSB106_Arbeidskrav_V22_files/figure-latex/Bosted_Sunnhordland_2-1.pdf,
 id=316, 469.755pt x 325.215pt>
File: Rapport_MSB106_Arbeidskrav_V22_files/figure-latex/Bosted_Sunnhordland_2-1
.pdf Graphic file (type pdf)
<use Rapport_MSB106_Arbeidskrav_V22_files/figure-latex/Bosted_Sunnhordland_2-1.
pdf>
Package pdftex.def Info: Rapport_MSB106_Arbeidskrav_V22_files/figure-latex/Bost
ed_Sunnhordland_2-1.pdf  used on input line 390.
(pdftex.def)             Requested size: 469.75386pt x 325.2142pt.
[25 <./Rapport_MSB106_Arbeidskrav_V22_files/figure-latex/Bosted_Sunnhordland_1-
1.pdf>]
<Rapport_MSB106_Arbeidskrav_V22_files/figure-latex/Næring_Total_Sunnhordland_3
_Største_Bosted-1.pdf, id=327, 469.755pt x 325.215pt>
File: Rapport_MSB106_Arbeidskrav_V22_files/figure-latex/Næring_Total_Sunnhordl
and_3_Største_Bosted-1.pdf Graphic file (type pdf)
<use Rapport_MSB106_Arbeidskrav_V22_files/figure-latex/Næring_Total_Sunnhordla
nd_3_Største_Bosted-1.pdf>
Package pdftex.def Info: Rapport_MSB106_Arbeidskrav_V22_files/figure-latex/Nær
ing_Total_Sunnhordland_3_Største_Bosted-1.pdf  used on input line 392.
(pdftex.def)             Requested size: 469.75386pt x 325.2142pt.
[26 <./Rapport_MSB106_Arbeidskrav_V22_files/figure-latex/Bosted_Sunnhordland_2-
1.pdf>]
<Rapport_MSB106_Arbeidskrav_V22_files/figure-latex/Næring_Total_Sunnhordland_4
_Minste_Bosted-1.pdf, id=337, 469.755pt x 325.215pt>
File: Rapport_MSB106_Arbeidskrav_V22_files/figure-latex/Næring_Total_Sunnhordl
and_4_Minste_Bosted-1.pdf Graphic file (type pdf)
<use Rapport_MSB106_Arbeidskrav_V22_files/figure-latex/Næring_Total_Sunnhordla
nd_4_Minste_Bosted-1.pdf>
Package pdftex.def Info: Rapport_MSB106_Arbeidskrav_V22_files/figure-latex/Nær
ing_Total_Sunnhordland_4_Minste_Bosted-1.pdf  used on input line 394.
(pdftex.def)             Requested size: 469.75386pt x 325.2142pt.
[27 <./Rapport_MSB106_Arbeidskrav_V22_files/figure-latex/Næring_Total_Sunnhord
land_3_Største_Bosted-1.pdf>]
<Rapport_MSB106_Arbeidskrav_V22_files/figure-latex/Næringsfordeling_og_Utvikli
ng_Sunnhordland_3_Største_Bosted-1.pdf, id=347, 469.755pt x 325.215pt>
File: Rapport_MSB106_Arbeidskrav_V22_files/figure-latex/Næringsfordeling_og_Ut
vikling_Sunnhordland_3_Største_Bosted-1.pdf Graphic file (type pdf)
<use Rapport_MSB106_Arbeidskrav_V22_files/figure-latex/Næringsfordeling_og_Utv
ikling_Sunnhordland_3_Største_Bosted-1.pdf>
Package pdftex.def Info: Rapport_MSB106_Arbeidskrav_V22_files/figure-latex/Nær
ingsfordeling_og_Utvikling_Sunnhordland_3_Største_Bosted-1.pdf  used on input 
line 396.
(pdftex.def)             Requested size: 469.75386pt x 325.2142pt.
[28 <./Rapport_MSB106_Arbeidskrav_V22_files/figure-latex/Næring_Total_Sunnhord
land_4_Minste_Bosted-1.pdf>]
<Rapport_MSB106_Arbeidskrav_V22_files/figure-latex/Næringsfordeling_og_Utvikli
ng_Sunnhordland_4_Minste_Bosted-1.pdf, id=357, 469.755pt x 325.215pt>
File: Rapport_MSB106_Arbeidskrav_V22_files/figure-latex/Næringsfordeling_og_Ut
vikling_Sunnhordland_4_Minste_Bosted-1.pdf Graphic file (type pdf)
<use Rapport_MSB106_Arbeidskrav_V22_files/figure-latex/Næringsfordeling_og_Utv
ikling_Sunnhordland_4_Minste_Bosted-1.pdf>
Package pdftex.def Info: Rapport_MSB106_Arbeidskrav_V22_files/figure-latex/Nær
ingsfordeling_og_Utvikling_Sunnhordland_4_Minste_Bosted-1.pdf  used on input li
ne 398.
(pdftex.def)             Requested size: 469.75386pt x 325.2142pt.
[29 <./Rapport_MSB106_Arbeidskrav_V22_files/figure-latex/Næringsfordeling_og_U
tvikling_Sunnhordland_3_Største_Bosted-1.pdf>]
<Rapport_MSB106_Arbeidskrav_V22_files/figure-latex/Bosted_Hardanger_1-1.pdf, id
=367, 469.755pt x 325.215pt>
File: Rapport_MSB106_Arbeidskrav_V22_files/figure-latex/Bosted_Hardanger_1-1.pd
f Graphic file (type pdf)
<use Rapport_MSB106_Arbeidskrav_V22_files/figure-latex/Bosted_Hardanger_1-1.pdf
>
Package pdftex.def Info: Rapport_MSB106_Arbeidskrav_V22_files/figure-latex/Bost
ed_Hardanger_1-1.pdf  used on input line 403.
(pdftex.def)             Requested size: 469.75386pt x 325.2142pt.
[30 <./Rapport_MSB106_Arbeidskrav_V22_files/figure-latex/Næringsfordeling_og_U
tvikling_Sunnhordland_4_Minste_Bosted-1.pdf>]
<Rapport_MSB106_Arbeidskrav_V22_files/figure-latex/Bosted_Hardanger_2-1.pdf, id
=378, 469.755pt x 325.215pt>
File: Rapport_MSB106_Arbeidskrav_V22_files/figure-latex/Bosted_Hardanger_2-1.pd
f Graphic file (type pdf)
<use Rapport_MSB106_Arbeidskrav_V22_files/figure-latex/Bosted_Hardanger_2-1.pdf
>
Package pdftex.def Info: Rapport_MSB106_Arbeidskrav_V22_files/figure-latex/Bost
ed_Hardanger_2-1.pdf  used on input line 405.
(pdftex.def)             Requested size: 469.75386pt x 325.2142pt.
[31 <./Rapport_MSB106_Arbeidskrav_V22_files/figure-latex/Bosted_Hardanger_1-1.p
df>]
<Rapport_MSB106_Arbeidskrav_V22_files/figure-latex/Næring_Total_Hardanger_Bost
ed-1.pdf, id=389, 469.755pt x 325.215pt>
File: Rapport_MSB106_Arbeidskrav_V22_files/figure-latex/Næring_Total_Hardanger
_Bosted-1.pdf Graphic file (type pdf)
<use Rapport_MSB106_Arbeidskrav_V22_files/figure-latex/Næring_Total_Hardanger_
Bosted-1.pdf>
Package pdftex.def Info: Rapport_MSB106_Arbeidskrav_V22_files/figure-latex/Nær
ing_Total_Hardanger_Bosted-1.pdf  used on input line 407.
(pdftex.def)             Requested size: 469.75386pt x 325.2142pt.
[32 <./Rapport_MSB106_Arbeidskrav_V22_files/figure-latex/Bosted_Hardanger_2-1.p
df>]
<Rapport_MSB106_Arbeidskrav_V22_files/figure-latex/Næringsfordeling_og_Utvikli
ng_Hardanger_Bosted-1.pdf, id=399, 469.755pt x 325.215pt>
File: Rapport_MSB106_Arbeidskrav_V22_files/figure-latex/Næringsfordeling_og_Ut
vikling_Hardanger_Bosted-1.pdf Graphic file (type pdf)
<use Rapport_MSB106_Arbeidskrav_V22_files/figure-latex/Næringsfordeling_og_Utv
ikling_Hardanger_Bosted-1.pdf>
Package pdftex.def Info: Rapport_MSB106_Arbeidskrav_V22_files/figure-latex/Nær
ingsfordeling_og_Utvikling_Hardanger_Bosted-1.pdf  used on input line 409.
(pdftex.def)             Requested size: 469.75386pt x 325.2142pt.
[33 <./Rapport_MSB106_Arbeidskrav_V22_files/figure-latex/Næring_Total_Hardange
r_Bosted-1.pdf>] [34 <./Rapport_MSB106_Arbeidskrav_V22_files/figure-latex/Næri
ngsfordeling_og_Utvikling_Hardanger_Bosted-1.pdf>] [35] (./Rapport_MSB106_Arbei
dskrav_V22.aux)
Package rerunfilecheck Info: File `Rapport_MSB106_Arbeidskrav_V22.out' has not 
changed.
(rerunfilecheck)             Checksum: 01697889B266FEECE693872B3DDCC7FC;3340.
 ) 
Here is how much of TeX's memory you used:
 12121 strings out of 480313
 210849 string characters out of 5895429
 506195 words of memory out of 5000000
 29708 multiletter control sequences out of 15000+600000
 453662 words of font info for 68 fonts, out of 8000000 for 9000
 14 hyphenation exceptions out of 8191
 60i,6n,63p,835b,471s stack positions out of 5000i,500n,10000p,200000b,80000s
{c:/Users/Ola Andre/AppData/Roaming/TinyTeX/texmf-dist/fonts/enc/dvips/lm/lm-
ec.enc}{c:/Users/Ola Andre/AppData/Roaming/TinyTeX/texmf-dist/fonts/enc/dvips/l
m/lm-ts1.enc}<c:/Users/Ola Andre/AppData/Roaming/TinyTeX/texmf-dist/fonts/type1
/public/lm/lmbx10.pfb><c:/Users/Ola Andre/AppData/Roaming/TinyTeX/texmf-dist/fo
nts/type1/public/lm/lmbx12.pfb><c:/Users/Ola Andre/AppData/Roaming/TinyTeX/texm
f-dist/fonts/type1/public/lm/lmr10.pfb><c:/Users/Ola Andre/AppData/Roaming/Tiny
TeX/texmf-dist/fonts/type1/public/lm/lmr12.pfb><c:/Users/Ola Andre/AppData/Roam
ing/TinyTeX/texmf-dist/fonts/type1/public/lm/lmr17.pfb><c:/Users/Ola Andre/AppD
ata/Roaming/TinyTeX/texmf-dist/fonts/type1/public/lm/lmri10.pfb><c:/Users/Ola A
ndre/AppData/Roaming/TinyTeX/texmf-dist/fonts/type1/public/lm/lmtt10.pfb>
Output written on Rapport_MSB106_Arbeidskrav_V22.pdf (35 pages, 367450 bytes).
PDF statistics:
 475 PDF objects out of 1000 (max. 8388607)
 355 compressed objects within 4 object streams
 64 named destinations out of 1000 (max. 500000)
 273 words of extra memory for PDF output out of 10000 (max. 10000000)

